[2025-11-22 12:31:29] [INFO] root - ✓ test_mission_analysis_creation PASSED (0.000s)
[2025-11-22 12:31:29] [INFO] root - ✓ test_mission_analysis_summary_loadable PASSED (0.000s)
[2025-11-22 12:31:29] [INFO] root - ✓ test_mission_analysis_summary_not_loadable PASSED (0.000s)
[2025-11-22 12:31:29] [DEBUG] daf.mission_analysis - Failed to analyze mission training_facility_1: No module named 'mettagrid'
Traceback (most recent call last):
  File "/Users/4d/Documents/GitHub/cogames/daf/src/mission_analysis.py", line 77, in daf_analyze_mission
    from cogames.cli.mission import get_mission_name_and_config
  File "/Users/4d/Documents/GitHub/cogames/src/cogames/cli/mission.py", line 10, in <module>
    from cogames.cogs_vs_clips.evals.diagnostic_evals import DIAGNOSTIC_EVALS
  File "/Users/4d/Documents/GitHub/cogames/src/cogames/cogs_vs_clips/evals/diagnostic_evals.py", line 8, in <module>
    from cogames.cogs_vs_clips.mission import Mission, MissionVariant, Site
  File "/Users/4d/Documents/GitHub/cogames/src/cogames/cogs_vs_clips/mission.py", line 8, in <module>
    from cogames.cogs_vs_clips.stations import (
    ...<9 lines>...
    )
  File "/Users/4d/Documents/GitHub/cogames/src/cogames/cogs_vs_clips/stations.py", line 3, in <module>
    from mettagrid.base_config import Config
ModuleNotFoundError: No module named 'mettagrid'
[2025-11-22 12:31:29] [INFO] root - ✓ test_daf_analyze_mission_real PASSED (0.042s)
[2025-11-22 12:31:29] [DEBUG] daf.mission_analysis - Failed to analyze mission nonexistent_mission_xyz_123: No module named 'mettagrid'
Traceback (most recent call last):
  File "/Users/4d/Documents/GitHub/cogames/daf/src/mission_analysis.py", line 77, in daf_analyze_mission
    from cogames.cli.mission import get_mission_name_and_config
  File "/Users/4d/Documents/GitHub/cogames/src/cogames/cli/mission.py", line 10, in <module>
    from cogames.cogs_vs_clips.evals.diagnostic_evals import DIAGNOSTIC_EVALS
  File "/Users/4d/Documents/GitHub/cogames/src/cogames/cogs_vs_clips/evals/diagnostic_evals.py", line 8, in <module>
    from cogames.cogs_vs_clips.mission import Mission, MissionVariant, Site
  File "/Users/4d/Documents/GitHub/cogames/src/cogames/cogs_vs_clips/mission.py", line 8, in <module>
    from cogames.cogs_vs_clips.stations import (
    ...<9 lines>...
    )
  File "/Users/4d/Documents/GitHub/cogames/src/cogames/cogs_vs_clips/stations.py", line 3, in <module>
    from mettagrid.base_config import Config
ModuleNotFoundError: No module named 'mettagrid'
[2025-11-22 12:31:29] [INFO] root - ✓ test_daf_analyze_mission_nonexistent PASSED (0.001s)
[2025-11-22 12:31:29] [DEBUG] daf.mission_analysis - Failed to analyze mission training_facility_1: No module named 'mettagrid'
Traceback (most recent call last):
  File "/Users/4d/Documents/GitHub/cogames/daf/src/mission_analysis.py", line 77, in daf_analyze_mission
    from cogames.cli.mission import get_mission_name_and_config
  File "/Users/4d/Documents/GitHub/cogames/src/cogames/cli/mission.py", line 10, in <module>
    from cogames.cogs_vs_clips.evals.diagnostic_evals import DIAGNOSTIC_EVALS
  File "/Users/4d/Documents/GitHub/cogames/src/cogames/cogs_vs_clips/evals/diagnostic_evals.py", line 8, in <module>
    from cogames.cogs_vs_clips.mission import Mission, MissionVariant, Site
  File "/Users/4d/Documents/GitHub/cogames/src/cogames/cogs_vs_clips/mission.py", line 8, in <module>
    from cogames.cogs_vs_clips.stations import (
    ...<9 lines>...
    )
  File "/Users/4d/Documents/GitHub/cogames/src/cogames/cogs_vs_clips/stations.py", line 3, in <module>
    from mettagrid.base_config import Config
ModuleNotFoundError: No module named 'mettagrid'
[2025-11-22 12:31:29] [INFO] root - ✓ test_daf_analyze_mission_set PASSED (0.001s)
[2025-11-22 12:31:29] [DEBUG] daf.mission_analysis - Failed to analyze mission training_facility_1: No module named 'mettagrid'
Traceback (most recent call last):
  File "/Users/4d/Documents/GitHub/cogames/daf/src/mission_analysis.py", line 77, in daf_analyze_mission
    from cogames.cli.mission import get_mission_name_and_config
  File "/Users/4d/Documents/GitHub/cogames/src/cogames/cli/mission.py", line 10, in <module>
    from cogames.cogs_vs_clips.evals.diagnostic_evals import DIAGNOSTIC_EVALS
  File "/Users/4d/Documents/GitHub/cogames/src/cogames/cogs_vs_clips/evals/diagnostic_evals.py", line 8, in <module>
    from cogames.cogs_vs_clips.mission import Mission, MissionVariant, Site
  File "/Users/4d/Documents/GitHub/cogames/src/cogames/cogs_vs_clips/mission.py", line 8, in <module>
    from cogames.cogs_vs_clips.stations import (
    ...<9 lines>...
    )
  File "/Users/4d/Documents/GitHub/cogames/src/cogames/cogs_vs_clips/stations.py", line 3, in <module>
    from mettagrid.base_config import Config
ModuleNotFoundError: No module named 'mettagrid'
[2025-11-22 12:31:29] [DEBUG] daf.mission_analysis - Failed to analyze mission nonexistent_mission: No module named 'mettagrid'
Traceback (most recent call last):
  File "/Users/4d/Documents/GitHub/cogames/daf/src/mission_analysis.py", line 77, in daf_analyze_mission
    from cogames.cli.mission import get_mission_name_and_config
  File "/Users/4d/Documents/GitHub/cogames/src/cogames/cli/mission.py", line 10, in <module>
    from cogames.cogs_vs_clips.evals.diagnostic_evals import DIAGNOSTIC_EVALS
  File "/Users/4d/Documents/GitHub/cogames/src/cogames/cogs_vs_clips/evals/diagnostic_evals.py", line 8, in <module>
    from cogames.cogs_vs_clips.mission import Mission, MissionVariant, Site
  File "/Users/4d/Documents/GitHub/cogames/src/cogames/cogs_vs_clips/mission.py", line 8, in <module>
    from cogames.cogs_vs_clips.stations import (
    ...<9 lines>...
    )
  File "/Users/4d/Documents/GitHub/cogames/src/cogames/cogs_vs_clips/stations.py", line 3, in <module>
    from mettagrid.base_config import Config
ModuleNotFoundError: No module named 'mettagrid'
[2025-11-22 12:31:29] [INFO] root - ✓ test_daf_validate_mission_set PASSED (0.001s)
[2025-11-22 12:31:29] [DEBUG] daf.mission_analysis - Failed to analyze mission training_facility_1: No module named 'mettagrid'
Traceback (most recent call last):
  File "/Users/4d/Documents/GitHub/cogames/daf/src/mission_analysis.py", line 77, in daf_analyze_mission
    from cogames.cli.mission import get_mission_name_and_config
  File "/Users/4d/Documents/GitHub/cogames/src/cogames/cli/mission.py", line 10, in <module>
    from cogames.cogs_vs_clips.evals.diagnostic_evals import DIAGNOSTIC_EVALS
  File "/Users/4d/Documents/GitHub/cogames/src/cogames/cogs_vs_clips/evals/diagnostic_evals.py", line 8, in <module>
    from cogames.cogs_vs_clips.mission import Mission, MissionVariant, Site
  File "/Users/4d/Documents/GitHub/cogames/src/cogames/cogs_vs_clips/mission.py", line 8, in <module>
    from cogames.cogs_vs_clips.stations import (
    ...<9 lines>...
    )
  File "/Users/4d/Documents/GitHub/cogames/src/cogames/cogs_vs_clips/stations.py", line 3, in <module>
    from mettagrid.base_config import Config
ModuleNotFoundError: No module named 'mettagrid'
[2025-11-22 12:31:29] [INFO] root - ✓ test_daf_get_mission_metadata PASSED (0.001s)
[2025-11-22 12:31:29] [INFO] root - ✓ test_daf_discover_missions_from_readme PASSED (0.000s)
[2025-11-22 12:31:29] [WARNING] daf.mission_analysis - README.md not found at /nonexistent/README.md
[2025-11-22 12:31:29] [INFO] root - ✓ test_daf_discover_missions_from_readme_nonexistent PASSED (0.000s)
[2025-11-22 12:31:29] [DEBUG] daf.mission_analysis - Failed to analyze mission assembler_2: No module named 'mettagrid'
Traceback (most recent call last):
  File "/Users/4d/Documents/GitHub/cogames/daf/src/mission_analysis.py", line 77, in daf_analyze_mission
    from cogames.cli.mission import get_mission_name_and_config
  File "/Users/4d/Documents/GitHub/cogames/src/cogames/cli/mission.py", line 10, in <module>
    from cogames.cogs_vs_clips.evals.diagnostic_evals import DIAGNOSTIC_EVALS
  File "/Users/4d/Documents/GitHub/cogames/src/cogames/cogs_vs_clips/evals/diagnostic_evals.py", line 8, in <module>
    from cogames.cogs_vs_clips.mission import Mission, MissionVariant, Site
  File "/Users/4d/Documents/GitHub/cogames/src/cogames/cogs_vs_clips/mission.py", line 8, in <module>
    from cogames.cogs_vs_clips.stations import (
    ...<9 lines>...
    )
  File "/Users/4d/Documents/GitHub/cogames/src/cogames/cogs_vs_clips/stations.py", line 3, in <module>
    from mettagrid.base_config import Config
ModuleNotFoundError: No module named 'mettagrid'
[2025-11-22 12:31:29] [DEBUG] daf.mission_analysis - Failed to analyze mission assembler_2: No module named 'mettagrid'
Traceback (most recent call last):
  File "/Users/4d/Documents/GitHub/cogames/daf/src/mission_analysis.py", line 77, in daf_analyze_mission
    from cogames.cli.mission import get_mission_name_and_config
  File "/Users/4d/Documents/GitHub/cogames/src/cogames/cli/mission.py", line 10, in <module>
    from cogames.cogs_vs_clips.evals.diagnostic_evals import DIAGNOSTIC_EVALS
  File "/Users/4d/Documents/GitHub/cogames/src/cogames/cogs_vs_clips/evals/diagnostic_evals.py", line 8, in <module>
    from cogames.cogs_vs_clips.mission import Mission, MissionVariant, Site
  File "/Users/4d/Documents/GitHub/cogames/src/cogames/cogs_vs_clips/mission.py", line 8, in <module>
    from cogames.cogs_vs_clips.stations import (
    ...<9 lines>...
    )
  File "/Users/4d/Documents/GitHub/cogames/src/cogames/cogs_vs_clips/stations.py", line 3, in <module>
    from mettagrid.base_config import Config
ModuleNotFoundError: No module named 'mettagrid'
[2025-11-22 12:31:29] [INFO] root - ✓ test_complete_mission_analysis_workflow PASSED (0.002s)
[2025-11-22 12:31:29] [DEBUG] daf.mission_analysis - Failed to analyze mission training_facility_1: No module named 'mettagrid'
Traceback (most recent call last):
  File "/Users/4d/Documents/GitHub/cogames/daf/src/mission_analysis.py", line 77, in daf_analyze_mission
    from cogames.cli.mission import get_mission_name_and_config
  File "/Users/4d/Documents/GitHub/cogames/src/cogames/cli/mission.py", line 10, in <module>
    from cogames.cogs_vs_clips.evals.diagnostic_evals import DIAGNOSTIC_EVALS
  File "/Users/4d/Documents/GitHub/cogames/src/cogames/cogs_vs_clips/evals/diagnostic_evals.py", line 8, in <module>
    from cogames.cogs_vs_clips.mission import Mission, MissionVariant, Site
  File "/Users/4d/Documents/GitHub/cogames/src/cogames/cogs_vs_clips/mission.py", line 8, in <module>
    from cogames.cogs_vs_clips.stations import (
    ...<9 lines>...
    )
  File "/Users/4d/Documents/GitHub/cogames/src/cogames/cogs_vs_clips/stations.py", line 3, in <module>
    from mettagrid.base_config import Config
ModuleNotFoundError: No module named 'mettagrid'
[2025-11-22 12:31:29] [DEBUG] daf.mission_analysis - Failed to analyze mission nonexistent_xyz: No module named 'mettagrid'
Traceback (most recent call last):
  File "/Users/4d/Documents/GitHub/cogames/daf/src/mission_analysis.py", line 77, in daf_analyze_mission
    from cogames.cli.mission import get_mission_name_and_config
  File "/Users/4d/Documents/GitHub/cogames/src/cogames/cli/mission.py", line 10, in <module>
    from cogames.cogs_vs_clips.evals.diagnostic_evals import DIAGNOSTIC_EVALS
  File "/Users/4d/Documents/GitHub/cogames/src/cogames/cogs_vs_clips/evals/diagnostic_evals.py", line 8, in <module>
    from cogames.cogs_vs_clips.mission import Mission, MissionVariant, Site
  File "/Users/4d/Documents/GitHub/cogames/src/cogames/cogs_vs_clips/mission.py", line 8, in <module>
    from cogames.cogs_vs_clips.stations import (
    ...<9 lines>...
    )
  File "/Users/4d/Documents/GitHub/cogames/src/cogames/cogs_vs_clips/stations.py", line 3, in <module>
    from mettagrid.base_config import Config
ModuleNotFoundError: No module named 'mettagrid'
[2025-11-22 12:31:29] [INFO] root - ✓ test_mission_validation_workflow PASSED (0.001s)
